<?xml version="1.0" encoding="UTF-8"?>
<testng-results ignored="0" total="2" passed="2" failed="0" skipped="0">
  <reporter-output>
  </reporter-output>
  <suite started-at="2023-08-24T09:01:47 IST" name="Default suite" finished-at="2023-08-24T09:01:47 IST" duration-ms="264">
    <groups>
    </groups>
    <test started-at="2023-08-24T09:01:47 IST" name="Default test" finished-at="2023-08-24T09:01:47 IST" duration-ms="264">
      <class name="Mavenprojecttesting.testing1.Alaska">
        <test-method signature="loginTest(java.lang.String,java.lang.String)[pri:0, instance:Mavenprojecttesting.testing1.Alaska@272113c4]" started-at="2023-08-24T09:01:47 IST" name="loginTest" data-provider="getData" finished-at="2023-08-24T09:01:47 IST" duration-ms="41" status="PASS">
          <params>
            <param index="0">
              <value>
                <![CDATA[FirstUid]]>
              </value>
            </param>
            <param index="1">
              <value>
                <![CDATA[FirstPWD]]>
              </value>
            </param>
          </params>
          <reporter-output>
          </reporter-output>
        </test-method> <!-- loginTest -->
        <test-method signature="loginTest(java.lang.String,java.lang.String)[pri:0, instance:Mavenprojecttesting.testing1.Alaska@272113c4]" started-at="2023-08-24T09:01:47 IST" name="loginTest" data-provider="getData" finished-at="2023-08-24T09:01:47 IST" duration-ms="5" status="PASS">
          <params>
            <param index="0">
              <value>
                <![CDATA[SecondUid]]>
              </value>
            </param>
            <param index="1">
              <value>
                <![CDATA[SecondPWD]]>
              </value>
            </param>
          </params>
          <reporter-output>
          </reporter-output>
        </test-method> <!-- loginTest -->
      </class> <!-- Mavenprojecttesting.testing1.Alaska -->
    </test> <!-- Default test -->
  </suite> <!-- Default suite -->
</testng-results>
